<?xml version="1.0" encoding="UTF-8"?>
<!-- Generated by org.testng.reporters.JUnitReportReporter -->
<testsuite hostname="LAPTOP-OD8DFLVQ" failures="0" tests="1" name="testCases.TC_001_AccountRegistrationTest" time="6.342" errors="0" timestamp="2024-08-04T23:17:34 EDT" skipped="0">
  <testcase classname="testCases.TC_001_AccountRegistrationTest" name="verify_account_registration" time="6.342"/>
  <system-out/>
</testsuite> <!-- testCases.TC_001_AccountRegistrationTest -->
